[sirfyogi.brizy.site/index.html]
[a-cloud.b-cdn.net/media/iW=32&iH=any/d7a8f4850a9a4c109cfc058056731675.png]
[a-cloud.b-cdn.net/media/iW=192&iH=any/d7a8f4850a9a4c109cfc058056731675.png]
[a-cloud.b-cdn.net/media/iW=180&iH=any/d7a8f4850a9a4c109cfc058056731675.png]
[backblue.gif]
[fade.gif]
[index.html]
[b-cloud.b-cdn.net/builds/free/237-cloud/editor/css/group-all.css]
[b-cloud.b-cdn.net/builds/free/237-cloud/editor/css/preview.css]
[a-cloud.b-cdn.net/media/iW=5000&iH=any/b279afba6f4e55a45bf296a51b9461d1.png]
[a-cloud.b-cdn.net/media/iW=316&iH=562&oX=0&oY=0&cW=316&cH=540/7f1d393daf5abd1c68989d86c1c9816e.jpg]
[a-cloud.b-cdn.net/media/iW=227&iH=362&oX=0&oY=0&cW=227&cH=360/9fef3eecda923ec35ba481cf849dd2ad.png]
[a-cloud.b-cdn.net/media/iW=227&iH=363&oX=0&oY=1&cW=227&cH=361/1d6bf3a861956d273f41ef9d81b2d987.png]
[a-cloud.b-cdn.net/media/iW=227&iH=363&oX=0&oY=2&cW=227&cH=360/c33dbefc1d9766112a2f1d5231c0cae0.png]
[a-cloud.b-cdn.net/media/iW=238&iH=361&oX=6&oY=0&cW=227&cH=361/66c312a626c51e88cb24224b1bd46552.jpg]
[a-cloud.b-cdn.net/media/iW=227&iH=362&oX=0&oY=2&cW=227&cH=359/7a5453597d2895cb2e4af585eb26a54f.png]
[a-cloud.b-cdn.net/media/iW=343&iH=501&oX=0&oY=0&cW=343&cH=498/762ece6e13089650b16803fe3de6f62e.jpg]
[a-cloud.b-cdn.net/media/iW=555&iH=393&oX=16&oY=0&cW=524&cH=393/310847c1f2c3932465ed386a49c99669.jpg]
[a-cloud.b-cdn.net/media/iW=373&iH=470&oX=1&oY=0&cW=372&cH=470/df1e0d2c9050e387aa9192996d49feea.jpg]
[a-cloud.b-cdn.net/media/iW=557&iH=393&oX=16&oY=0&cW=525&cH=393/24f9f86182e6ff774ce8ce0df73ce889.png]
[a-cloud.b-cdn.net/media/iW=110&iH=66&oX=0&oY=9&cW=110&cH=49/4b70cce8c4dffc72d0ca6921a7ef38f9.png]
[b-cloud.b-cdn.net/builds/free/237-cloud/editor/js/group-all.js]
[sirfyogi.brizy.site/index.html]
[b-cloud.b-cdn.net/builds/free/237-cloud/editor/css/group-all.css]
[b-cloud.b-cdn.net/builds/free/237-cloud/editor/css/preview.css]
[b-cloud.b-cdn.net/builds/free/237-cloud/editor/js/preview.js]
